Arguments: 
  /home/dennis/.nvm/versions/node/v18.12.1/bin/node /home/dennis/.nvm/versions/node/v18.12.1/bin/yarn add @types/react-use-websocket

PATH: 
  /home/dennis/.cargo/bin:/home/dennis/.krew/bin:/home/dennis/.pyenv/shims:/home/dennis/.krew/bin:/home/dennis/.nvm/versions/node/v18.12.1/bin:/home/dennis/.pyenv/bin:/home/dennis/.pyenv/bin:/usr/local/bin:/usr/local/sbin:/usr/bin:/usr/sbin:/home/dennis/.local/bin:/home/dennis/.local/bin:/home/dennis/.yarn/bin:/home/dennis/.local/bin:/home/dennis/.local/bin

Yarn version: 
  1.22.19

Node version: 
  18.12.1

Platform: 
  linux x64

Trace: 
  Error: https://registry.yarnpkg.com/@types%2freact-use-websocket: Not found
      at params.callback [as _callback] (/home/dennis/.nvm/versions/node/v18.12.1/lib/node_modules/yarn/lib/cli.js:66145:18)
      at self.callback (/home/dennis/.nvm/versions/node/v18.12.1/lib/node_modules/yarn/lib/cli.js:140890:22)
      at Request.emit (node:events:513:28)
      at Request.<anonymous> (/home/dennis/.nvm/versions/node/v18.12.1/lib/node_modules/yarn/lib/cli.js:141862:10)
      at Request.emit (node:events:513:28)
      at IncomingMessage.<anonymous> (/home/dennis/.nvm/versions/node/v18.12.1/lib/node_modules/yarn/lib/cli.js:141784:12)
      at Object.onceWrapper (node:events:627:28)
      at IncomingMessage.emit (node:events:525:35)
      at endReadableNT (node:internal/streams/readable:1359:12)
      at process.processTicksAndRejections (node:internal/process/task_queues:82:21)

npm manifest: 
  {
    "dependencies": {
      "react-use-websocket": "^4.2.0"
    }
  }

yarn manifest: 
  No manifest

Lockfile: 
  # THIS IS AN AUTOGENERATED FILE. DO NOT EDIT THIS FILE DIRECTLY.
  # yarn lockfile v1
  
  
  react-use-websocket@^4.2.0:
    version "4.2.0"
    resolved "https://registry.yarnpkg.com/react-use-websocket/-/react-use-websocket-4.2.0.tgz#658c4e44ee5e0fc3d29a66c2a753a72754a5db87"
    integrity sha512-ZovaTlc/tWX6a590fi3kMWImhyoWj46BWJWvO5oucZJzRnVVhYtes2D9g+5MKXjSdR7Es3456hB89v4/1pcBKg==
